<?xml version="1.0" encoding="UTF-8"?>
<!-- Generated by org.testng.reporters.JUnitReportReporter -->
<testsuite skipped="0" hostname="Legion" name="TestNGListeners.TestCases" tests="2" failures="0" timestamp="2022-07-26T17:49:14 IST" time="0.016" errors="0">
  <testcase name="Login" time="0.013" classname="TestNGListeners.TestCases"/>
  <system-out/>
  <testcase name="TestToFail" time="0.003" classname="TestNGListeners.TestCases"/>
  <system-out/>
</testsuite> <!-- TestNGListeners.TestCases -->
